{"name": "Проверка допустимого количества символов в полях ввода", "status": "failed", "statusDetails": {"message": "AssertionError: No message", "trace": "browser = <selenium.webdriver.chrome.webdriver.WebDriver (session=\"66e819c7190704e014798b5e32c716ef\")>, base_url = 'http://172.19.16.142/', first_name = 'lgDKHWon5m1dpAt3aBswGbjM8krZqFhR', second_name = 'm', password = 'AbBH'\n\n    @allure.title(\"Проверка допустимого количества символов в полях ввода\")\n    @allure.description(\"Проверка граничных условий полей для ввода имени, фамилии и пароля\")\n    @pytest.mark.parametrize(\"first_name\",[UserLoginPage.generate_string(num_of_chars=1),\n                                           UserLoginPage.generate_string(num_of_chars=32, num=True, uppercase=True)])\n    @pytest.mark.parametrize(\"second_name\",[UserLoginPage.generate_string(num_of_chars=1),\n                                           UserLoginPage.generate_string(num_of_chars=32, num=True, uppercase=True)])\n    @pytest.mark.parametrize(\"password\",\n                             [UserLoginPage.generate_string(num_of_chars=4, num=True, uppercase=True, sym=True),\n                              UserLoginPage.generate_string(num_of_chars=20, num=True, uppercase=True, sym=True)])\n    def test_border_conditions(browser, base_url, first_name, second_name, password):\n        new_user = UserLoginPage(browser)\n        new_user.open_reg_account_page(base_url)\n        new_user.fill_in_with_letters(new_user.FIRST_NAME_FIELD, name=first_name)\n        new_user.fill_in_with_letters(new_user.LAST_NAME_FIELD, name=second_name)\n        new_user.enter_email()\n        new_user.enter_telephone()\n        new_user.fill_in_with_letters(new_user.PASSWORD_CONFIRM_FIELD, name=new_user.enter_password(pwd=password))\n        new_user.find_web_element(new_user.PRIVACY_POLICY_CHECKBOX).click()\n        new_user.wait_and_click(new_user.SUBMIT_CONTINUE_BUTTON)\n        if new_user.view_success_notification() != \"Your Account Has Been Created!\":\n            browser.save_screenshot(new_user.screenshot_name)\n            new_user.logger.error(\"Account creation message was not displayed \")\n>           raise AssertionError(\"No message\")\nE           AssertionError: No message\n\ntest_reg_account.py:65: AssertionError"}, "description": "Проверка граничных условий полей для ввода имени, фамилии и пароля", "attachments": [{"name": "log", "source": "9c7de891-c39b-4f06-b0a8-864b9c348710-attachment.txt", "type": "text/plain"}], "parameters": [{"name": "password", "value": "'AbBH'"}, {"name": "second_name", "value": "'m'"}, {"name": "first_name", "value": "'lgDKHWon5m1dpAt3aBswGbjM8krZqFhR'"}], "start": 1640005879282, "stop": 1640005882775, "uuid": "5ce2486e-7128-4952-bf16-138cbb5f14b6", "historyId": "fbf60a27b471073dbf9786157da7cfd7", "testCaseId": "bb2220456bb940b18fcd35ce6dab0375", "fullName": "test_reg_account#test_border_conditions", "labels": [{"name": "suite", "value": "test_reg_account"}, {"name": "host", "value": "sis002422"}, {"name": "thread", "value": "4832-MainThread"}, {"name": "framework", "value": "pytest"}, {"name": "language", "value": "cpython3"}, {"name": "package", "value": "test_reg_account"}]}