{"name": "Проверка допустимого количества символов в полях ввода", "status": "failed", "statusDetails": {"message": "AssertionError: No message", "trace": "browser = <selenium.webdriver.chrome.webdriver.WebDriver (session=\"2b5f014c4704b6d9eb9b00116a0c5ecf\")>, base_url = 'http://172.19.16.142/', first_name = 'y', second_name = 'hUrQ8FRa1MplYymXs7PNCkeVzbTcAKWO', password = '6'\n\n    @allure.title(\"Проверка допустимого количества символов в полях ввода\")\n    @allure.description(\"Проверка граничных условий полей для ввода имени, фамилии и пароля\")\n    @pytest.mark.parametrize(\"first_name\",[UserLoginPage.generate_string(num_of_chars=1),\n                                           UserLoginPage.generate_string(num_of_chars=32, num=True, uppercase=True)])\n    @pytest.mark.parametrize(\"second_name\",[UserLoginPage.generate_string(num_of_chars=1),\n                                           UserLoginPage.generate_string(num_of_chars=32, num=True, uppercase=True)])\n    @pytest.mark.parametrize(\"password\",\n                             [UserLoginPage.generate_string(num_of_chars=1, num=True, uppercase=True, sym=True),\n                              UserLoginPage.generate_string(num_of_chars=32, num=True, uppercase=True, sym=True)])\n    def test_border_conditions(browser, base_url, first_name, second_name, password):\n        new_user = UserLoginPage(browser)\n        new_user.open_reg_account_page(base_url)\n        new_user.fill_in_with_letters(new_user.FIRST_NAME_FIELD, name=first_name)\n        new_user.fill_in_with_letters(new_user.LAST_NAME_FIELD, name=second_name)\n        new_user.enter_email()\n        new_user.enter_telephone()\n        passwd = new_user.enter_password(pwd=password)\n        new_user.fill_in_with_letters(new_user.PASSWORD_CONFIRM_FIELD, name=passwd)\n        new_user.find_web_element(new_user.PRIVACY_POLICY_CHECKBOX).click()\n        new_user.wait_and_click(new_user.SUBMIT_CONTINUE_BUTTON)\n        if new_user.view_success_notification() != \"Your Account Has Been Created!\":\n            browser.save_screenshot(new_user.screenshot_name)\n            new_user.logger.error(\"Account creation message was not displayed \")\n>           raise AssertionError(\"No message\")\nE           AssertionError: No message\n\ntest_reg_account.py:66: AssertionError"}, "description": "Проверка граничных условий полей для ввода имени, фамилии и пароля", "attachments": [{"name": "log", "source": "cb5ce725-9fbc-4f71-9a82-8a4d710aee18-attachment.txt", "type": "text/plain"}], "parameters": [{"name": "password", "value": "'6'"}, {"name": "second_name", "value": "'hUrQ8FRa1MplYymXs7PNCkeVzbTcAKWO'"}, {"name": "first_name", "value": "'y'"}], "start": 1640005609521, "stop": 1640005613087, "uuid": "46b1e728-80b2-41d8-b5c6-f59af834959e", "historyId": "853f55b9ea63960da59e954abdfe4cec", "testCaseId": "bb2220456bb940b18fcd35ce6dab0375", "fullName": "test_reg_account#test_border_conditions", "labels": [{"name": "suite", "value": "test_reg_account"}, {"name": "host", "value": "sis002422"}, {"name": "thread", "value": "13004-MainThread"}, {"name": "framework", "value": "pytest"}, {"name": "language", "value": "cpython3"}, {"name": "package", "value": "test_reg_account"}]}