{"name": "Проверка недопустимого количества символов в полях ввода", "status": "failed", "statusDetails": {"message": "AssertionError: (TimeoutException('', None, None), \"Время ожидания элемента 'css selector = .text-danger' истекло\")", "trace": "self = <UserLoginPage.UserLoginPage object at 0x0000013AED159A48>, locator = ('css selector', '.text-danger'), timeout = 2\n\n    def wait_web_element(self, locator, timeout=2):\n        \"\"\"\n        Принимает в качестве аргументов:\n            • локатор веб-элемента,\n            • время ожидания в секундах (timeout).\n            По умолчанию timeout = 2 с.\n        Ожидает появления веб-элемента по указанному локатору на странице в течение timeout секунд.\n        Метод возвращает:\n            веб-элемент, в случае его появления на веб-странице;\n            AssertionError, если веб-элемент не был обнаружен на веб-странице за время ожидания.\n    \n        \"\"\"\n        self.logger.info('Waiting for the element {} within {} seconds'.format(locator, timeout))\n        try:\n>           el = WebDriverWait(self.browser, timeout).until(EC.visibility_of_element_located(locator))\n\nBaseClass.py:173: \n_ _ _ _ _ _ _ _ _ _ _ _ _ _ _ _ _ _ _ _ _ _ _ _ _ _ _ _ _ _ _ _ _ _ _ _ _ _ _ _ _ _ _ _ _ _ _ _ _ _ _ _ _ _ _ _ _ _ _ _ _ _ _ _ _ _ _ _ _ _ _ _ _ _ _ _ _ _ _ _ _ _ _ _ _ _ _ _ _ _ _ _ _ _ _ _ _ _ _ _ _ _ _ _ _ _ _ _ _ _ _ _ _ _ _ _ _ \n\nself = <selenium.webdriver.support.wait.WebDriverWait (session=\"936b1dde5423037704e974fa3d6a5d9a\")>, method = <selenium.webdriver.support.expected_conditions.visibility_of_element_located object at 0x0000013AED299288>, message = ''\n\n    def until(self, method, message=''):\n        \"\"\"Calls the method provided with the driver as an argument until the \\\n        return value is not False.\"\"\"\n        screen = None\n        stacktrace = None\n    \n        end_time = time.time() + self._timeout\n        while True:\n            try:\n                value = method(self._driver)\n                if value:\n                    return value\n            except self._ignored_exceptions as exc:\n                screen = getattr(exc, 'screen', None)\n                stacktrace = getattr(exc, 'stacktrace', None)\n            time.sleep(self._poll)\n            if time.time() > end_time:\n                break\n>       raise TimeoutException(message, screen, stacktrace)\nE       selenium.common.exceptions.TimeoutException: Message:\n\nC:\\Python_3.7.9\\lib\\site-packages\\selenium\\webdriver\\support\\wait.py:80: TimeoutException\n\nDuring handling of the above exception, another exception occurred:\n\nbrowser = <selenium.webdriver.chrome.webdriver.WebDriver (session=\"936b1dde5423037704e974fa3d6a5d9a\")>, base_url = 'http://172.19.16.142/', first_name = 'dJkEZ', last_name = '16gZ'\n\n    @allure.title(\"Проверка недопустимого количества символов в полях ввода\")\n    @allure.description(\"Ввод символов в поля для имени и фамилии в количестве, превышающем верхний порог\")\n    @pytest.mark.parametrize(\"first_name\",[UserLoginPage.generate_string(uppercase=True, num=True),\n                                           UserLoginPage.generate_string(num_of_chars=33, num=True, uppercase=True)])\n    @pytest.mark.parametrize(\"last_name\", [UserLoginPage.generate_string(num_of_chars=33, num=True, uppercase=True),\n                                             UserLoginPage.generate_string(uppercase=True, num=True)])\n    def test_exceeding_character_value(browser, base_url, first_name, last_name):\n        new_user = UserLoginPage(browser)\n        new_user.open_reg_account_page(base_url)\n        new_user.fill_in_with_letters(new_user.FIRST_NAME_FIELD, name=first_name)\n        new_user.fill_in_with_letters(new_user.LAST_NAME_FIELD, name=last_name)\n        new_user.enter_email()\n        new_user.enter_telephone()\n        new_user.enter_and_confirm_password()\n        new_user.find_web_element(new_user.PRIVACY_POLICY_CHECKBOX).click()\n        new_user.wait_and_click(new_user.SUBMIT_CONTINUE_BUTTON)\n>       new_user.wait_web_element(new_user.INPUT_FIELD_ERROR)\n\ntest_reg_account.py:81: \n_ _ _ _ _ _ _ _ _ _ _ _ _ _ _ _ _ _ _ _ _ _ _ _ _ _ _ _ _ _ _ _ _ _ _ _ _ _ _ _ _ _ _ _ _ _ _ _ _ _ _ _ _ _ _ _ _ _ _ _ _ _ _ _ _ _ _ _ _ _ _ _ _ _ _ _ _ _ _ _ _ _ _ _ _ _ _ _ _ _ _ _ _ _ _ _ _ _ _ _ _ _ _ _ _ _ _ _ _ _ _ _ _ _ _ _ _ \n\nself = <UserLoginPage.UserLoginPage object at 0x0000013AED159A48>, locator = ('css selector', '.text-danger'), timeout = 2\n\n    def wait_web_element(self, locator, timeout=2):\n        \"\"\"\n        Принимает в качестве аргументов:\n            • локатор веб-элемента,\n            • время ожидания в секундах (timeout).\n            По умолчанию timeout = 2 с.\n        Ожидает появления веб-элемента по указанному локатору на странице в течение timeout секунд.\n        Метод возвращает:\n            веб-элемент, в случае его появления на веб-странице;\n            AssertionError, если веб-элемент не был обнаружен на веб-странице за время ожидания.\n    \n        \"\"\"\n        self.logger.info('Waiting for the element {} within {} seconds'.format(locator, timeout))\n        try:\n            el = WebDriverWait(self.browser, timeout).until(EC.visibility_of_element_located(locator))\n        except TimeoutException as time_is_up:\n            self.logger.error(\"Element \\'{} = {}\\' was not found on the page\".format(*locator))\n            self.browser.save_screenshot(self.screenshot_name)\n>           raise AssertionError(time_is_up, \"Время ожидания элемента \\'{} = {}\\' истекло\".format(*locator))\nE           AssertionError: (TimeoutException('', None, None), \"Время ожидания элемента 'css selector = .text-danger' истекло\")\n\nBaseClass.py:177: AssertionError"}, "description": "Ввод символов в поля для имени и фамилии в количестве, превышающем верхний порог", "attachments": [{"name": "log", "source": "89bceab6-8052-4bfa-8ea0-b4a5d05eab4c-attachment.txt", "type": "text/plain"}], "parameters": [{"name": "last_name", "value": "'16gZ'"}, {"name": "first_name", "value": "'dJkEZ'"}], "start": 1640068051781, "stop": 1640068057780, "uuid": "46756321-1d83-4220-9dca-7caa08f90c9d", "historyId": "f3ca409612daeeecb92c2e03b7949a2f", "testCaseId": "0777eeb416034ba6bba7e2bc97285402", "fullName": "test_reg_account#test_exceeding_character_value", "labels": [{"name": "suite", "value": "test_reg_account"}, {"name": "host", "value": "sis002422"}, {"name": "thread", "value": "15816-MainThread"}, {"name": "framework", "value": "pytest"}, {"name": "language", "value": "cpython3"}, {"name": "package", "value": "test_reg_account"}]}